#
# There is insufficient memory for the Java Runtime Environment to continue.
# Native memory allocation (malloc) failed to allocate 1355696 bytes for Chunk::new
# Possible reasons:
#   The system is out of physical RAM or swap space
#   The process is running with CompressedOops enabled, and the Java Heap may be blocking the growth of the native heap
# Possible solutions:
#   Reduce memory load on the system
#   Increase physical memory or swap space
#   Check if swap backing store is full
#   Decrease Java heap size (-Xmx/-Xms)
#   Decrease number of Java threads
#   Decrease Java thread stack sizes (-Xss)
#   Set larger code cache with -XX:ReservedCodeCacheSize=
#   JVM is running with Unscaled Compressed Oops mode in which the Java heap is
#     placed in the first 4GB address space. The Java Heap base address is the
#     maximum limit for the native heap growth. Please use -XX:HeapBaseMinAddress
#     to set the Java Heap base and to place the Java Heap above 4GB virtual address.
# This output file may be truncated or incomplete.
#
#  Out of Memory Error (./src/hotspot/share/memory/arena.cpp:197), pid=18368, tid=18040
#
# JRE version: OpenJDK Runtime Environment (11.0.8+10) (build 11.0.8+10-b944.6842174)
# Java VM: OpenJDK 64-Bit Server VM (11.0.8+10-b944.6842174, mixed mode, tiered, compressed oops, g1 gc, windows-amd64)
# No core dump will be written. Minidumps are not enabled by default on client versions of Windows
#

---------------  S U M M A R Y ------------

Command Line: --add-opens=java.base/java.util=ALL-UNNAMED --add-opens=java.base/java.lang=ALL-UNNAMED --add-opens=java.base/java.lang.invoke=ALL-UNNAMED --add-opens=java.prefs/java.util.prefs=ALL-UNNAMED -Xmx2048m -Dfile.encoding=UTF-8 -Duser.country=RU -Duser.language=ru -Duser.variant org.gradle.launcher.daemon.bootstrap.GradleDaemon 6.7.1

Host: Intel(R) Pentium(R) CPU N4200 @ 1.10GHz, 4 cores, 3G,  Windows 10 , 64 bit Build 19041 (10.0.19041.928)
Time: Mon May 31 21:51:06 2021 RTZ 4 (зима) elapsed time: 16 seconds (0d 0h 0m 16s)

---------------  T H R E A D  ---------------

Current thread (0x0000029dff488000):  JavaThread "C2 CompilerThread0" daemon [_thread_in_native, id=18040, stack(0x000000c8ba200000,0x000000c8ba300000)]


Current CompileTask:
C2:  16109 1966   !   4       java.lang.ClassLoader::loadClass (122 bytes)

Stack: [0x000000c8ba200000,0x000000c8ba300000]
Native frames: (J=compiled Java code, j=interpreted, Vv=VM code, C=native code)
V  [jvm.dll+0x5de50a]
V  [jvm.dll+0x7122f5]
V  [jvm.dll+0x71384d]
V  [jvm.dll+0x713f03]
V  [jvm.dll+0x23e728]
V  [jvm.dll+0xb899c]
V  [jvm.dll+0xb8e9c]
V  [jvm.dll+0x35024d]
V  [jvm.dll+0x31dea3]
V  [jvm.dll+0x31d39a]
V  [jvm.dll+0x1f7702]
V  [jvm.dll+0x1f68d4]
V  [jvm.dll+0x17f32c]
V  [jvm.dll+0x205047]
V  [jvm.dll+0x203891]
V  [jvm.dll+0x6dad3f]
V  [jvm.dll+0x6d3895]
V  [jvm.dll+0x5dd4a6]
C  [ucrtbase.dll+0x21bb2]
C  [KERNEL32.DLL+0x17034]
C  [ntdll.dll+0x52651]


---------------  P R O C E S S  ---------------

Threads class SMR info:
_java_thread_list=0x0000029d8fd7c510, length=23, elements={
0x0000029df4306800, 0x0000029dff464000, 0x0000029dff467800, 0x0000029dff486000,
0x0000029dff487000, 0x0000029dff488000, 0x0000029dff4eb800, 0x0000029d8f04f000,
0x0000029d8f13d000, 0x0000029d8f146800, 0x0000029d90973800, 0x0000029d8ff57800,
0x0000029d8ffd2800, 0x0000029d8fd7e800, 0x0000029d8fe54800, 0x0000029d8fe55000,
0x0000029d9071f000, 0x0000029d90092000, 0x0000029d90093000, 0x0000029d90512800,
0x0000029d90bb6800, 0x0000029d90bb9800, 0x0000029d90bbb800
}

Java Threads: ( => current thread )
  0x0000029df4306800 JavaThread "main" [_thread_blocked, id=8056, stack(0x000000c8b9700000,0x000000c8b9800000)]
  0x0000029dff464000 JavaThread "Reference Handler" daemon [_thread_blocked, id=14592, stack(0x000000c8b9e00000,0x000000c8b9f00000)]
  0x0000029dff467800 JavaThread "Finalizer" daemon [_thread_blocked, id=1600, stack(0x000000c8b9f00000,0x000000c8ba000000)]
  0x0000029dff486000 JavaThread "Signal Dispatcher" daemon [_thread_blocked, id=17424, stack(0x000000c8ba000000,0x000000c8ba100000)]
  0x0000029dff487000 JavaThread "Attach Listener" daemon [_thread_blocked, id=17240, stack(0x000000c8ba100000,0x000000c8ba200000)]
=>0x0000029dff488000 JavaThread "C2 CompilerThread0" daemon [_thread_in_native, id=18040, stack(0x000000c8ba200000,0x000000c8ba300000)]
  0x0000029dff4eb800 JavaThread "C1 CompilerThread0" daemon [_thread_blocked, id=2072, stack(0x000000c8ba300000,0x000000c8ba400000)]
  0x0000029d8f04f000 JavaThread "Sweeper thread" daemon [_thread_blocked, id=6848, stack(0x000000c8ba400000,0x000000c8ba500000)]
  0x0000029d8f13d000 JavaThread "Common-Cleaner" daemon [_thread_blocked, id=6660, stack(0x000000c8ba500000,0x000000c8ba600000)]
  0x0000029d8f146800 JavaThread "Service Thread" daemon [_thread_blocked, id=16208, stack(0x000000c8ba600000,0x000000c8ba700000)]
  0x0000029d90973800 JavaThread "Daemon health stats" [_thread_blocked, id=12856, stack(0x000000c8ba900000,0x000000c8baa00000)]
  0x0000029d8ff57800 JavaThread "Incoming local TCP Connector on port 61112" [_thread_in_native, id=6232, stack(0x000000c8bae00000,0x000000c8baf00000)]
  0x0000029d8ffd2800 JavaThread "Daemon periodic checks" [_thread_blocked, id=17620, stack(0x000000c8baf00000,0x000000c8bb000000)]
  0x0000029d8fd7e800 JavaThread "Daemon" [_thread_blocked, id=13244, stack(0x000000c8bb000000,0x000000c8bb100000)]
  0x0000029d8fe54800 JavaThread "Handler for socket connection from /127.0.0.1:61112 to /127.0.0.1:61113" [_thread_in_native, id=2528, stack(0x000000c8bb100000,0x000000c8bb200000)]
  0x0000029d8fe55000 JavaThread "Cancel handler" [_thread_blocked, id=6952, stack(0x000000c8bb200000,0x000000c8bb300000)]
  0x0000029d9071f000 JavaThread "Daemon worker" [_thread_in_vm, id=17184, stack(0x000000c8bb300000,0x000000c8bb400000)]
  0x0000029d90092000 JavaThread "Asynchronous log dispatcher for DefaultDaemonConnection: socket connection from /127.0.0.1:61112 to /127.0.0.1:61113" [_thread_blocked, id=3944, stack(0x000000c8bb400000,0x000000c8bb500000)]
  0x0000029d90093000 JavaThread "Stdin handler" [_thread_blocked, id=14304, stack(0x000000c8bb500000,0x000000c8bb600000)]
  0x0000029d90512800 JavaThread "Thread-8" [_thread_blocked, id=9916, stack(0x000000c8bb600000,0x000000c8bb700000)]
  0x0000029d90bb6800 JavaThread "Cache worker for file hash cache (C:\Users\edvbu\.gradle\caches\6.7.1\fileHashes)" [_thread_blocked, id=12164, stack(0x000000c8bb700000,0x000000c8bb800000)]
  0x0000029d90bb9800 JavaThread "File lock request listener" [_thread_in_native, id=6356, stack(0x000000c8bb800000,0x000000c8bb900000)]
  0x0000029d90bbb800 JavaThread "Cache worker for journal cache (C:\Users\edvbu\.gradle\caches\journal-1)" [_thread_blocked, id=15820, stack(0x000000c8bb900000,0x000000c8bba00000)]

Other Threads:
  0x0000029dff45f800 VMThread "VM Thread" [stack: 0x000000c8b9d00000,0x000000c8b9e00000] [id=5440]
  0x0000029d8f170800 WatcherThread [stack: 0x000000c8ba700000,0x000000c8ba800000] [id=8068]
  0x0000029df4320000 GCTaskThread "GC Thread#0" [stack: 0x000000c8b9800000,0x000000c8b9900000] [id=6200]
  0x0000029d8f956000 GCTaskThread "GC Thread#1" [stack: 0x000000c8ba800000,0x000000c8ba900000] [id=10032]
  0x0000029d8f520800 GCTaskThread "GC Thread#2" [stack: 0x000000c8baa00000,0x000000c8bab00000] [id=13376]
  0x0000029d9047e800 GCTaskThread "GC Thread#3" [stack: 0x000000c8bab00000,0x000000c8bac00000] [id=18212]
  0x0000029df4353000 ConcurrentGCThread "G1 Main Marker" [stack: 0x000000c8b9900000,0x000000c8b9a00000] [id=13576]
  0x0000029df4356800 ConcurrentGCThread "G1 Conc#0" [stack: 0x000000c8b9a00000,0x000000c8b9b00000] [id=10024]
  0x0000029df43ac000 ConcurrentGCThread "G1 Refine#0" [stack: 0x000000c8b9b00000,0x000000c8b9c00000] [id=16564]
  0x0000029df43ad000 ConcurrentGCThread "G1 Young RemSet Sampling" [stack: 0x000000c8b9c00000,0x000000c8b9d00000] [id=14388]

Threads with active compile tasks:
C2 CompilerThread0  16201 1966   !   4       java.lang.ClassLoader::loadClass (122 bytes)

VM state:synchronizing (normal execution)

VM Mutex/Monitor currently owned by a thread:  ([mutex/lock_event])
[0x0000029df4302580] Threads_lock - owner thread: 0x0000029dff45f800

Heap address: 0x0000000080000000, size: 2048 MB, Compressed Oops mode: 32-bit
Narrow klass base: 0x0000000000000000, Narrow klass shift: 3
Compressed class space size: 1073741824 Address: 0x0000000100000000

Heap:
 garbage-first heap   total 63488K, used 20147K [0x0000000080000000, 0x0000000100000000)
  region size 1024K, 7 young (7168K), 2 survivors (2048K)
 Metaspace       used 21229K, capacity 21809K, committed 22064K, reserved 1069056K
  class space    used 2645K, capacity 2844K, committed 2944K, reserved 1048576K
Heap Regions: E=young(eden), S=young(survivor), O=old, HS=humongous(starts), HC=humongous(continues), CS=collection set, F=free, A=archive, TAMS=top-at-mark-start (previous, next)
|   0|0x0000000080000000, 0x0000000080100000, 0x0000000080100000|100%| O|  |TAMS 0x0000000080100000, 0x0000000080000000| Untracked 
|   1|0x0000000080100000, 0x0000000080200000, 0x0000000080200000|100%| O|  |TAMS 0x0000000080200000, 0x0000000080100000| Untracked 
|   2|0x0000000080200000, 0x0000000080300000, 0x0000000080300000|100%| O|  |TAMS 0x0000000080300000, 0x0000000080200000| Untracked 
|   3|0x0000000080300000, 0x0000000080400000, 0x0000000080400000|100%|HS|  |TAMS 0x0000000080400000, 0x0000000080300000| Complete 
|   4|0x0000000080400000, 0x0000000080500000, 0x0000000080500000|100%|HC|  |TAMS 0x0000000080500000, 0x0000000080400000| Complete 
|   5|0x0000000080500000, 0x0000000080600000, 0x0000000080600000|100%|HC|  |TAMS 0x0000000080600000, 0x0000000080500000| Complete 
|   6|0x0000000080600000, 0x0000000080700000, 0x0000000080700000|100%| O|  |TAMS 0x0000000080700000, 0x0000000080600000| Untracked 
|   7|0x0000000080700000, 0x0000000080800000, 0x0000000080800000|100%| O|  |TAMS 0x0000000080800000, 0x0000000080700000| Untracked 
|   8|0x0000000080800000, 0x0000000080900000, 0x0000000080900000|100%| O|  |TAMS 0x0000000080900000, 0x0000000080800000| Untracked 
|   9|0x0000000080900000, 0x0000000080a00000, 0x0000000080a00000|100%| O|  |TAMS 0x0000000080a00000, 0x0000000080900000| Untracked 
|  10|0x0000000080a00000, 0x0000000080b00000, 0x0000000080b00000|100%| O|  |TAMS 0x0000000080b00000, 0x0000000080a00000| Untracked 
|  11|0x0000000080b00000, 0x0000000080c00000, 0x0000000080c00000|100%| O|  |TAMS 0x0000000080c00000, 0x0000000080b00000| Untracked 
|  12|0x0000000080c00000, 0x0000000080d00000, 0x0000000080d00000|100%| O|  |TAMS 0x0000000080d00000, 0x0000000080c00000| Untracked 
|  13|0x0000000080d00000, 0x0000000080ddb200, 0x0000000080e00000| 85%| O|  |TAMS 0x0000000080ddb200, 0x0000000080d00000| Untracked 
|  14|0x0000000080e00000, 0x0000000080e00000, 0x0000000080f00000|  0%| F|  |TAMS 0x0000000080e00000, 0x0000000080e00000| Untracked 
|  15|0x0000000080f00000, 0x0000000080f00000, 0x0000000081000000|  0%| F|  |TAMS 0x0000000080f00000, 0x0000000080f00000| Untracked 
|  16|0x0000000081000000, 0x0000000081000000, 0x0000000081100000|  0%| F|  |TAMS 0x0000000081000000, 0x0000000081000000| Untracked 
|  17|0x0000000081100000, 0x0000000081100000, 0x0000000081200000|  0%| F|  |TAMS 0x0000000081100000, 0x0000000081100000| Untracked 
|  18|0x0000000081200000, 0x0000000081200000, 0x0000000081300000|  0%| F|  |TAMS 0x0000000081200000, 0x0000000081200000| Untracked 
|  19|0x0000000081300000, 0x0000000081300000, 0x0000000081400000|  0%| F|  |TAMS 0x0000000081300000, 0x0000000081300000| Untracked 
|  20|0x0000000081400000, 0x0000000081400000, 0x0000000081500000|  0%| F|  |TAMS 0x0000000081400000, 0x0000000081400000| Untracked 
|  21|0x0000000081500000, 0x0000000081500000, 0x0000000081600000|  0%| F|  |TAMS 0x0000000081500000, 0x0000000081500000| Untracked 
|  22|0x0000000081600000, 0x0000000081600000, 0x0000000081700000|  0%| F|  |TAMS 0x0000000081600000, 0x0000000081600000| Untracked 
|  23|0x0000000081700000, 0x0000000081700000, 0x0000000081800000|  0%| F|  |TAMS 0x0000000081700000, 0x0000000081700000| Untracked 
|  24|0x0000000081800000, 0x0000000081800000, 0x0000000081900000|  0%| F|  |TAMS 0x0000000081800000, 0x0000000081800000| Untracked 
|  25|0x0000000081900000, 0x0000000081900000, 0x0000000081a00000|  0%| F|  |TAMS 0x0000000081900000, 0x0000000081900000| Untracked 
|  26|0x0000000081a00000, 0x0000000081a00000, 0x0000000081b00000|  0%| F|  |TAMS 0x0000000081a00000, 0x0000000081a00000| Untracked 
|  27|0x0000000081b00000, 0x0000000081b00000, 0x0000000081c00000|  0%| F|  |TAMS 0x0000000081b00000, 0x0000000081b00000| Untracked 
|  28|0x0000000081c00000, 0x0000000081c00000, 0x0000000081d00000|  0%| F|  |TAMS 0x0000000081c00000, 0x0000000081c00000| Untracked 
|  29|0x0000000081d00000, 0x0000000081d00000, 0x0000000081e00000|  0%| F|  |TAMS 0x0000000081d00000, 0x0000000081d00000| Untracked 
|  30|0x0000000081e00000, 0x0000000081e00000, 0x0000000081f00000|  0%| F|  |TAMS 0x0000000081e00000, 0x0000000081e00000| Untracked 
|  31|0x0000000081f00000, 0x0000000081f00000, 0x0000000082000000|  0%| F|  |TAMS 0x0000000081f00000, 0x0000000081f00000| Untracked 
|  32|0x0000000082000000, 0x0000000082000000, 0x0000000082100000|  0%| F|  |TAMS 0x0000000082000000, 0x0000000082000000| Untracked 
|  33|0x0000000082100000, 0x0000000082100000, 0x0000000082200000|  0%| F|  |TAMS 0x0000000082100000, 0x0000000082100000| Untracked 
|  34|0x0000000082200000, 0x0000000082200000, 0x0000000082300000|  0%| F|  |TAMS 0x0000000082200000, 0x0000000082200000| Untracked 
|  35|0x0000000082300000, 0x0000000082300000, 0x0000000082400000|  0%| F|  |TAMS 0x0000000082300000, 0x0000000082300000| Untracked 
|  36|0x0000000082400000, 0x0000000082400000, 0x0000000082500000|  0%| F|  |TAMS 0x0000000082400000, 0x0000000082400000| Untracked 
|  37|0x0000000082500000, 0x0000000082500000, 0x0000000082600000|  0%| F|  |TAMS 0x0000000082500000, 0x0000000082500000| Untracked 
|  38|0x0000000082600000, 0x0000000082600000, 0x0000000082700000|  0%| F|  |TAMS 0x0000000082600000, 0x0000000082600000| Untracked 
|  39|0x0000000082700000, 0x0000000082700000, 0x0000000082800000|  0%| F|  |TAMS 0x0000000082700000, 0x0000000082700000| Untracked 
|  40|0x0000000082800000, 0x0000000082800000, 0x0000000082900000|  0%| F|  |TAMS 0x0000000082800000, 0x0000000082800000| Untracked 
|  41|0x0000000082900000, 0x0000000082900000, 0x0000000082a00000|  0%| F|  |TAMS 0x0000000082900000, 0x0000000082900000| Untracked 
|  42|0x0000000082a00000, 0x0000000082a00000, 0x0000000082b00000|  0%| F|  |TAMS 0x0000000082a00000, 0x0000000082a00000| Untracked 
|  43|0x0000000082b00000, 0x0000000082b00000, 0x0000000082c00000|  0%| F|  |TAMS 0x0000000082b00000, 0x0000000082b00000| Untracked 
|  44|0x0000000082c00000, 0x0000000082c00000, 0x0000000082d00000|  0%| F|  |TAMS 0x0000000082c00000, 0x0000000082c00000| Untracked 
|  45|0x0000000082d00000, 0x0000000082d00000, 0x0000000082e00000|  0%| F|  |TAMS 0x0000000082d00000, 0x0000000082d00000| Untracked 
|  46|0x0000000082e00000, 0x0000000082e00000, 0x0000000082f00000|  0%| F|  |TAMS 0x0000000082e00000, 0x0000000082e00000| Untracked 
|  47|0x0000000082f00000, 0x0000000082f00000, 0x0000000083000000|  0%| F|  |TAMS 0x0000000082f00000, 0x0000000082f00000| Untracked 
|  48|0x0000000083000000, 0x0000000083000000, 0x0000000083100000|  0%| F|  |TAMS 0x0000000083000000, 0x0000000083000000| Untracked 
|  49|0x0000000083100000, 0x0000000083100000, 0x0000000083200000|  0%| F|  |TAMS 0x0000000083100000, 0x0000000083100000| Untracked 
|  50|0x0000000083200000, 0x00000000832d1bd0, 0x0000000083300000| 81%| S|CS|TAMS 0x0000000083200000, 0x0000000083200000| Complete 
|  51|0x0000000083300000, 0x0000000083400000, 0x0000000083400000|100%| S|CS|TAMS 0x0000000083300000, 0x0000000083300000| Complete 
|  52|0x0000000083400000, 0x0000000083400000, 0x0000000083500000|  0%| F|  |TAMS 0x0000000083400000, 0x0000000083400000| Untracked 
|  53|0x0000000083500000, 0x0000000083500000, 0x0000000083600000|  0%| F|  |TAMS 0x0000000083500000, 0x0000000083500000| Untracked 
|  54|0x0000000083600000, 0x0000000083600000, 0x0000000083700000|  0%| F|  |TAMS 0x0000000083600000, 0x0000000083600000| Untracked 
|  55|0x0000000083700000, 0x0000000083700000, 0x0000000083800000|  0%| F|  |TAMS 0x0000000083700000, 0x0000000083700000| Untracked 
|  56|0x0000000083800000, 0x0000000083800000, 0x0000000083900000|  0%| F|  |TAMS 0x0000000083800000, 0x0000000083800000| Untracked 
|  57|0x0000000083900000, 0x00000000839df6b0, 0x0000000083a00000| 87%| E|  |TAMS 0x0000000083900000, 0x0000000083900000| Complete 
|  58|0x0000000083a00000, 0x0000000083b00000, 0x0000000083b00000|100%| E|CS|TAMS 0x0000000083a00000, 0x0000000083a00000| Complete 
|  59|0x0000000083b00000, 0x0000000083c00000, 0x0000000083c00000|100%| E|CS|TAMS 0x0000000083b00000, 0x0000000083b00000| Complete 
|  60|0x0000000083c00000, 0x0000000083d00000, 0x0000000083d00000|100%| E|CS|TAMS 0x0000000083c00000, 0x0000000083c00000| Complete 
|  61|0x0000000083d00000, 0x0000000083e00000, 0x0000000083e00000|100%| E|CS|TAMS 0x0000000083d00000, 0x0000000083d00000| Complete 

Card table byte_map: [0x0000029df86b0000,0x0000029df8ab0000] _byte_map_base: 0x0000029df82b0000

Marking Bits (Prev, Next): (CMBitMap*) 0x0000029df434a440, (CMBitMap*) 0x0000029df434a408
 Prev Bits: [0x0000029dfaeb0000, 0x0000029dfceb0000)
 Next Bits: [0x0000029df8eb0000, 0x0000029dfaeb0000)

Polling page: 0x0000029df2970000

Metaspace:

Usage:
  Non-class:     18.52 MB capacity,    18.15 MB ( 98%) used,   343.02 KB (  2%) free+waste,    37.44 KB ( <1%) overhead. 
      Class:      2.78 MB capacity,     2.58 MB ( 93%) used,   180.24 KB (  6%) free+waste,    18.75 KB ( <1%) overhead. 
       Both:     21.30 MB capacity,    20.73 MB ( 97%) used,   523.26 KB (  2%) free+waste,    56.19 KB ( <1%) overhead. 

Virtual space:
  Non-class space:       20.00 MB reserved,      18.67 MB ( 93%) committed 
      Class space:        1.00 GB reserved,       2.88 MB ( <1%) committed 
             Both:        1.02 GB reserved,      21.55 MB (  2%) committed 

Chunk freelists:
   Non-Class:  43.00 KB
       Class:  4.00 KB
        Both:  47.00 KB

MaxMetaspaceSize: 17179869184.00 GB
CompressedClassSpaceSize: 1.00 GB

CodeHeap 'non-profiled nmethods': size=120064Kb used=752Kb max_used=752Kb free=119311Kb
 bounds [0x0000029d87ac0000, 0x0000029d87d30000, 0x0000029d8f000000]
CodeHeap 'profiled nmethods': size=120000Kb used=3635Kb max_used=3651Kb free=116364Kb
 bounds [0x0000029d80590000, 0x0000029d80930000, 0x0000029d87ac0000]
CodeHeap 'non-nmethods': size=5696Kb used=1114Kb max_used=1135Kb free=4581Kb
 bounds [0x0000029d80000000, 0x0000029d80270000, 0x0000029d80590000]
 total_blobs=2220 nmethods=1763 adapters=370
 compilation: enabled
              stopped_count=0, restarted_count=0
 full_count=0

Compilation events (20 events):
Event: 15.461 Thread 0x0000029dff4eb800 nmethod 1956 0x0000029d806f2910 code [0x0000029d806f2ae0, 0x0000029d806f2cf8]
Event: 15.461 Thread 0x0000029dff4eb800 1957       3       java.lang.invoke.InnerClassLambdaMetafactory::getParameterSize (27 bytes)
Event: 15.461 Thread 0x0000029dff4eb800 nmethod 1957 0x0000029d806fbe10 code [0x0000029d806fbfc0, 0x0000029d806fc198]
Event: 15.522 Thread 0x0000029dff4eb800 1958       3       java.lang.reflect.ProxyGenerator::codeLocalLoadStore (90 bytes)
Event: 15.524 Thread 0x0000029dff4eb800 nmethod 1958 0x0000029d8070c990 code [0x0000029d8070cc40, 0x0000029d8070da28]
Event: 15.524 Thread 0x0000029dff4eb800 1959       3       java.lang.StringBuilder::<init> (18 bytes)
Event: 15.525 Thread 0x0000029dff488000 1960       4       java.util.ArrayList$Itr::next (66 bytes)
Event: 15.525 Thread 0x0000029dff4eb800 nmethod 1959 0x0000029d80747710 code [0x0000029d80747900, 0x0000029d80747bd8]
Event: 15.528 Thread 0x0000029dff488000 nmethod 1960 0x0000029d87b1a890 code [0x0000029d87b1aa20, 0x0000029d87b1ab38]
Event: 15.531 Thread 0x0000029dff488000 1961       4       java.util.LinkedHashMap::get (33 bytes)
Event: 15.540 Thread 0x0000029dff488000 nmethod 1961 0x0000029d87b22090 code [0x0000029d87b22240, 0x0000029d87b224f8]
Event: 15.550 Thread 0x0000029dff488000 1962       4       java.lang.ThreadLocal::getMap (5 bytes)
Event: 15.551 Thread 0x0000029dff488000 nmethod 1962 0x0000029d87b1dd90 code [0x0000029d87b1df20, 0x0000029d87b1df98]
Event: 15.633 Thread 0x0000029dff4eb800 1963       3       java.lang.ThreadLocal$ThreadLocalMap::nextIndex (15 bytes)
Event: 15.633 Thread 0x0000029dff4eb800 nmethod 1963 0x0000029d806c2490 code [0x0000029d806c2640, 0x0000029d806c2778]
Event: 15.657 Thread 0x0000029dff4eb800 1964       3       java.util.HashMap::keySet (25 bytes)
Event: 15.658 Thread 0x0000029dff4eb800 nmethod 1964 0x0000029d80791c90 code [0x0000029d80791e60, 0x0000029d80792238]
Event: 15.702 Thread 0x0000029dff4eb800 1965       3       java.util.stream.PipelineHelper::<init> (5 bytes)
Event: 15.702 Thread 0x0000029dff4eb800 nmethod 1965 0x0000029d8070c510 code [0x0000029d8070c6c0, 0x0000029d8070c818]
Event: 15.763 Thread 0x0000029dff488000 1966   !   4       java.lang.ClassLoader::loadClass (122 bytes)

GC Heap History (12 events):
Event: 3.168 GC heap before
{Heap before GC invocations=0 (full 0):
 garbage-first heap   total 63488K, used 19456K [0x0000000080000000, 0x0000000100000000)
  region size 1024K, 14 young (14336K), 0 survivors (0K)
 Metaspace       used 7477K, capacity 7663K, committed 7936K, reserved 1056768K
  class space    used 687K, capacity 748K, committed 768K, reserved 1048576K
}
Event: 3.178 GC heap after
{Heap after GC invocations=1 (full 0):
 garbage-first heap   total 63488K, used 7651K [0x0000000080000000, 0x0000000100000000)
  region size 1024K, 2 young (2048K), 2 survivors (2048K)
 Metaspace       used 7477K, capacity 7663K, committed 7936K, reserved 1056768K
  class space    used 687K, capacity 748K, committed 768K, reserved 1048576K
}
Event: 4.574 GC heap before
{Heap before GC invocations=1 (full 0):
 garbage-first heap   total 63488K, used 19939K [0x0000000080000000, 0x0000000100000000)
  region size 1024K, 14 young (14336K), 2 survivors (2048K)
 Metaspace       used 10864K, capacity 11128K, committed 11264K, reserved 1058816K
  class space    used 1144K, capacity 1201K, committed 1280K, reserved 1048576K
}
Event: 4.583 GC heap after
{Heap after GC invocations=2 (full 0):
 garbage-first heap   total 63488K, used 8685K [0x0000000080000000, 0x0000000100000000)
  region size 1024K, 1 young (1024K), 1 survivors (1024K)
 Metaspace       used 10864K, capacity 11128K, committed 11264K, reserved 1058816K
  class space    used 1144K, capacity 1201K, committed 1280K, reserved 1048576K
}
Event: 5.714 GC heap before
{Heap before GC invocations=2 (full 0):
 garbage-first heap   total 63488K, used 30189K [0x0000000080000000, 0x0000000100000000)
  region size 1024K, 23 young (23552K), 1 survivors (1024K)
 Metaspace       used 10952K, capacity 11256K, committed 11520K, reserved 1058816K
  class space    used 1144K, capacity 1201K, committed 1280K, reserved 1048576K
}
Event: 5.721 GC heap after
{Heap after GC invocations=3 (full 0):
 garbage-first heap   total 63488K, used 10195K [0x0000000080000000, 0x0000000100000000)
  region size 1024K, 3 young (3072K), 3 survivors (3072K)
 Metaspace       used 10952K, capacity 11256K, committed 11520K, reserved 1058816K
  class space    used 1144K, capacity 1201K, committed 1280K, reserved 1048576K
}
Event: 8.026 GC heap before
{Heap before GC invocations=3 (full 0):
 garbage-first heap   total 63488K, used 33747K [0x0000000080000000, 0x0000000100000000)
  region size 1024K, 27 young (27648K), 3 survivors (3072K)
 Metaspace       used 14206K, capacity 14578K, committed 14848K, reserved 1062912K
  class space    used 1612K, capacity 1716K, committed 1792K, reserved 1048576K
}
Event: 8.045 GC heap after
{Heap after GC invocations=4 (full 0):
 garbage-first heap   total 63488K, used 14300K [0x0000000080000000, 0x0000000100000000)
  region size 1024K, 4 young (4096K), 4 survivors (4096K)
 Metaspace       used 14206K, capacity 14578K, committed 14848K, reserved 1062912K
  class space    used 1612K, capacity 1716K, committed 1792K, reserved 1048576K
}
Event: 12.719 GC heap before
{Heap before GC invocations=4 (full 0):
 garbage-first heap   total 63488K, used 38876K [0x0000000080000000, 0x0000000100000000)
  region size 1024K, 28 young (28672K), 4 survivors (4096K)
 Metaspace       used 19124K, capacity 19584K, committed 19712K, reserved 1067008K
  class space    used 2320K, capacity 2459K, committed 2560K, reserved 1048576K
}
Event: 12.728 GC heap after
{Heap after GC invocations=5 (full 0):
 garbage-first heap   total 63488K, used 15737K [0x0000000080000000, 0x0000000100000000)
  region size 1024K, 2 young (2048K), 2 survivors (2048K)
 Metaspace       used 19124K, capacity 19584K, committed 19712K, reserved 1067008K
  class space    used 2320K, capacity 2459K, committed 2560K, reserved 1048576K
}
Event: 15.126 GC heap before
{Heap before GC invocations=5 (full 0):
 garbage-first heap   total 63488K, used 24953K [0x0000000080000000, 0x0000000100000000)
  region size 1024K, 12 young (12288K), 2 survivors (2048K)
 Metaspace       used 20608K, capacity 21127K, committed 21296K, reserved 1069056K
  class space    used 2520K, capacity 2680K, committed 2688K, reserved 1048576K
}
Event: 15.134 GC heap after
{Heap after GC invocations=6 (full 0):
 garbage-first heap   total 63488K, used 16051K [0x0000000080000000, 0x0000000100000000)
  region size 1024K, 2 young (2048K), 2 survivors (2048K)
 Metaspace       used 20608K, capacity 21127K, committed 21296K, reserved 1069056K
  class space    used 2520K, capacity 2680K, committed 2688K, reserved 1048576K
}

Deoptimization events (20 events):
Event: 14.655 Thread 0x0000029d9071f000 Uncommon trap: trap_request=0xffffffc6 fr.pc=0x0000029d87b24324 relative=0x0000000000000084
Event: 14.655 Thread 0x0000029d9071f000 Uncommon trap: reason=bimorphic_or_optimized_type_check action=maybe_recompile pc=0x0000029d87b24324 method=java.util.AbstractList$Itr.hasNext()Z @ 8 c2
Event: 14.655 Thread 0x0000029d9071f000 DEOPT PACKING pc=0x0000029d87b24324 sp=0x000000c8bb3fb060
Event: 14.655 Thread 0x0000029d9071f000 DEOPT UNPACKING pc=0x0000029d800268a9 sp=0x000000c8bb3faff8 mode 2
Event: 14.655 Thread 0x0000029d9071f000 Uncommon trap: trap_request=0xffffffc6 fr.pc=0x0000029d87b246f4 relative=0x0000000000000134
Event: 14.655 Thread 0x0000029d9071f000 Uncommon trap: reason=bimorphic_or_optimized_type_check action=maybe_recompile pc=0x0000029d87b246f4 method=java.util.AbstractList$Itr.next()Ljava/lang/Object; @ 14 c2
Event: 14.655 Thread 0x0000029d9071f000 DEOPT PACKING pc=0x0000029d87b246f4 sp=0x000000c8bb3fb050
Event: 14.655 Thread 0x0000029d9071f000 DEOPT UNPACKING pc=0x0000029d800268a9 sp=0x000000c8bb3fafe8 mode 2
Event: 14.657 Thread 0x0000029d9071f000 Uncommon trap: trap_request=0xffffff4d fr.pc=0x0000029d87b1a2d8 relative=0x0000000000000598
Event: 14.657 Thread 0x0000029d9071f000 Uncommon trap: reason=unstable_if action=reinterpret pc=0x0000029d87b1a2d8 method=java.io.File.getName()Ljava/lang/String; @ 16 c2
Event: 14.657 Thread 0x0000029d9071f000 DEOPT PACKING pc=0x0000029d87b1a2d8 sp=0x000000c8bb3fba00
Event: 14.657 Thread 0x0000029d9071f000 DEOPT UNPACKING pc=0x0000029d800268a9 sp=0x000000c8bb3fb9d0 mode 2
Event: 15.462 Thread 0x0000029d9071f000 Uncommon trap: trap_request=0xffffff4d fr.pc=0x0000029d87b007f0 relative=0x00000000000003b0
Event: 15.462 Thread 0x0000029d9071f000 Uncommon trap: reason=unstable_if action=reinterpret pc=0x0000029d87b007f0 method=jdk.internal.org.objectweb.asm.Type.getArgumentsAndReturnSizes(Ljava/lang/String;)I @ 88 c2
Event: 15.462 Thread 0x0000029d9071f000 DEOPT PACKING pc=0x0000029d87b007f0 sp=0x000000c8bb3fa870
Event: 15.462 Thread 0x0000029d9071f000 DEOPT UNPACKING pc=0x0000029d800268a9 sp=0x000000c8bb3fa7f8 mode 2
Event: 15.556 Thread 0x0000029d9071f000 Uncommon trap: trap_request=0xffffff4d fr.pc=0x0000029d87b234dc relative=0x0000000000000b3c
Event: 15.557 Thread 0x0000029d9071f000 Uncommon trap: reason=unstable_if action=reinterpret pc=0x0000029d87b234dc method=java.util.Properties$LineReader.readLine()I @ 249 c2
Event: 15.557 Thread 0x0000029d9071f000 DEOPT PACKING pc=0x0000029d87b234dc sp=0x000000c8bb3fc200
Event: 15.557 Thread 0x0000029d9071f000 DEOPT UNPACKING pc=0x0000029d800268a9 sp=0x000000c8bb3fc190 mode 2

Classes redefined (0 events):
No events

Internal exceptions (20 events):
Event: 7.999 Thread 0x0000029df4306800 Exception <a 'java/lang/NoSuchMethodError'{0x00000000823d4b40}: 'java.lang.Object java.lang.invoke.Invokers$Holder.invoker(java.lang.Object, java.lang.Object, java.lang.Object, java.lang.Object, java.lang.Object)'> (0x00000000823d4b40) thrown at [./src/hotspot/share/interpreter/linkResolver.cpp, line 773]
Event: 8.012 Thread 0x0000029df4306800 Exception <a 'java/lang/NoSuchMethodError'{0x00000000823e57b8}: 'void java.lang.invoke.DelegatingMethodHandle$Holder.delegate(java.lang.Object, java.lang.Object, int, java.lang.Object)'> (0x00000000823e57b8) thrown at [./src/hotspot/share/interpreter/linkResolver.cpp, line 773]
Event: 8.154 Thread 0x0000029df4306800 Exception <a 'java/lang/NoSuchMethodError'{0x0000000083da13a0}: 'java.lang.Object java.lang.invoke.DirectMethodHandle$Holder.invokeStaticInit(java.lang.Object, int, int, int, int)'> (0x0000000083da13a0) thrown at [./src/hotspot/share/interpreter/linkResolver.cpp, line 773]
Event: 8.923 Thread 0x0000029df4306800 Exception <a 'java/lang/NoSuchMethodError'{0x0000000083c18990}: 'java.lang.Object java.lang.invoke.DirectMethodHandle$Holder.invokeStaticInit(java.lang.Object, java.lang.Object, int, int, int, int)'> (0x0000000083c18990) thrown at [./src/hotspot/share/interpreter/linkResolver.cpp, line 773]
Event: 10.875 Thread 0x0000029df4306800 Exception <a 'java/io/IOException'{0x0000000083bcfcb0}> (0x0000000083bcfcb0) thrown at [./src/hotspot/share/prims/jni.cpp, line 615]
Event: 11.016 Thread 0x0000029d8fe54800 Exception <a 'java/lang/NoSuchMethodError'{0x000000008399b760}: <clinit>> (0x000000008399b760) thrown at [./src/hotspot/share/prims/jni.cpp, line 1362]
Event: 11.020 Thread 0x0000029d8fe54800 Exception <a 'java/lang/NoSuchMethodError'{0x00000000839a3ff8}: <clinit>> (0x00000000839a3ff8) thrown at [./src/hotspot/share/prims/jni.cpp, line 1362]
Event: 11.033 Thread 0x0000029d8fe54800 Exception <a 'java/lang/NoSuchMethodError'{0x00000000839b7178}: <clinit>> (0x00000000839b7178) thrown at [./src/hotspot/share/prims/jni.cpp, line 1362]
Event: 11.066 Thread 0x0000029d8fe54800 Exception <a 'java/lang/NoSuchMethodError'{0x00000000838059f0}: <clinit>> (0x00000000838059f0) thrown at [./src/hotspot/share/prims/jni.cpp, line 1362]
Event: 11.085 Thread 0x0000029d8fe54800 Exception <a 'java/lang/NoSuchMethodError'{0x0000000083841230}: <clinit>> (0x0000000083841230) thrown at [./src/hotspot/share/prims/jni.cpp, line 1362]
Event: 11.112 Thread 0x0000029d8fe54800 Exception <a 'java/lang/NoSuchMethodError'{0x0000000083873c08}: <clinit>> (0x0000000083873c08) thrown at [./src/hotspot/share/prims/jni.cpp, line 1362]
Event: 11.489 Thread 0x0000029d9071f000 Exception <a 'java/lang/NoSuchMethodError'{0x0000000083560638}: 'void java.lang.invoke.DelegatingMethodHandle$Holder.reinvoke_L(java.lang.Object, java.lang.Object, java.lang.Object, java.lang.Object)'> (0x0000000083560638) thrown at [./src/hotspot/share/interpreter/linkResolver.cpp, line 773]
Event: 11.525 Thread 0x0000029d9071f000 Exception <a 'java/lang/NoSuchMethodError'{0x00000000835980b8}: 'long java.lang.invoke.DirectMethodHandle$Holder.invokeInterface(java.lang.Object, java.lang.Object)'> (0x00000000835980b8) thrown at [./src/hotspot/share/interpreter/linkResolver.cpp, line 773]
Event: 11.539 Thread 0x0000029d9071f000 Exception <a 'java/lang/NoSuchMethodError'{0x00000000835b9960}: 'void java.lang.invoke.DelegatingMethodHandle$Holder.reinvoke_L(java.lang.Object, java.lang.Object, java.lang.Object, java.lang.Object, java.lang.Object, java.lang.Object, java.lang.Object)'> (0x00000000835b9960) thrown at [./src/hotspot/share/interpreter/linkResolver.cpp, line 773]
Event: 12.658 Thread 0x0000029d9071f000 Exception <a 'java/lang/NoSuchMethodError'{0x0000000082632c68}: 'java.lang.Object java.lang.invoke.DirectMethodHandle$Holder.invokeVirtual(java.lang.Object, java.lang.Object, java.lang.Object)'> (0x0000000082632c68) thrown at [./src/hotspot/share/interpreter/linkResolver.cpp, line 773]
Event: 12.890 Thread 0x0000029d9071f000 Exception <a 'java/lang/NoSuchMethodError'{0x0000000083bb2b80}: 'void java.lang.invoke.DirectMethodHandle$Holder.invokeStaticInit(java.lang.Object)'> (0x0000000083bb2b80) thrown at [./src/hotspot/share/interpreter/linkResolver.cpp, line 773]
Event: 15.060 Thread 0x0000029d9071f000 Exception <a 'java/lang/NoSuchMethodError'{0x0000000083405910}: 'int java.lang.invoke.DirectMethodHandle$Holder.invokeSpecialIFC(java.lang.Object, java.lang.Object, java.lang.Object, java.lang.Object)'> (0x0000000083405910) thrown at [./src/hotspot/share/interpreter/linkResolver.cpp, line 773]
Event: 15.066 Thread 0x0000029d9071f000 Exception <a 'java/lang/NoSuchMethodError'{0x00000000834136d0}: 'java.lang.Object java.lang.invoke.DirectMethodHandle$Holder.invokeInterface(java.lang.Object, java.lang.Object, java.lang.Object)'> (0x00000000834136d0) thrown at [./src/hotspot/share/interpreter/linkResolver.cpp, line 773]
Event: 15.067 Thread 0x0000029d9071f000 Exception <a 'java/lang/IncompatibleClassChangeError'{0x0000000083416ba8}: Found class java.lang.Object, but interface was expected> (0x0000000083416ba8) thrown at [./src/hotspot/share/interpreter/linkResolver.cpp, line 839]
Event: 15.943 Thread 0x0000029d9071f000 Exception <a 'java/lang/NoSuchMethodError'{0x000000008391cdc8}: 'void java.lang.invoke.DirectMethodHandle$Holder.invokeSpecial(java.lang.Object, java.lang.Object)'> (0x000000008391cdc8) thrown at [./src/hotspot/share/interpreter/linkResolver.cpp, line 773]

Events (20 events):
Event: 15.831 loading class org/gradle/composite/internal/DefaultRootBuildState
Event: 15.831 loading class org/gradle/composite/internal/DefaultRootBuildState done
Event: 15.861 loading class org/gradle/internal/build/AbstractBuildState
Event: 15.861 loading class org/gradle/internal/build/AbstractBuildState done
Event: 15.876 loading class org/gradle/api/artifacts/component/ProjectComponentIdentifier
Event: 15.876 loading class org/gradle/api/artifacts/component/ProjectComponentIdentifier done
Event: 15.934 loading class org/gradle/api/artifacts/component/ComponentIdentifier
Event: 15.934 loading class org/gradle/api/artifacts/component/ComponentIdentifier done
Event: 15.946 loading class org/gradle/initialization/DefaultGradleLauncherFactory
Event: 15.946 loading class org/gradle/initialization/DefaultGradleLauncherFactory done
Event: 15.953 loading class org/gradle/internal/service/scopes/BuildScopeServices
Event: 15.953 loading class org/gradle/internal/service/scopes/BuildScopeServices done
Event: 15.994 loading class org/gradle/initialization/SettingsPreparer
Event: 15.994 loading class org/gradle/initialization/SettingsPreparer done
Event: 16.034 loading class org/gradle/api/internal/initialization/ScriptClassPathResolver
Event: 16.034 loading class org/gradle/api/internal/initialization/ScriptClassPathResolver done
Event: 16.046 loading class org/gradle/api/internal/project/IProjectFactory
Event: 16.046 loading class org/gradle/api/internal/project/IProjectFactory done
Event: 16.053 loading class org/gradle/api/internal/provider/ConfigurationTimeBarrier
Event: 16.053 loading class org/gradle/api/internal/provider/ConfigurationTimeBarrier done


Dynamic libraries:
0x00007ff72e640000 - 0x00007ff72e64a000 	C:\Program Files\Android\Android Studio\jre\bin\java.exe
0x00007ffde0010000 - 0x00007ffde0205000 	C:\Windows\SYSTEM32\ntdll.dll
0x00007ffddf770000 - 0x00007ffddf82d000 	C:\Windows\System32\KERNEL32.DLL
0x00007ffdddac0000 - 0x00007ffdddd88000 	C:\Windows\System32\KERNELBASE.dll
0x00007ffddd7b0000 - 0x00007ffddd8b0000 	C:\Windows\System32\ucrtbase.dll
0x00007ffdd6320000 - 0x00007ffdd6339000 	C:\Program Files\Android\Android Studio\jre\bin\jli.dll
0x00007ffddfbf0000 - 0x00007ffddfd90000 	C:\Windows\System32\USER32.dll
0x00007ffdde040000 - 0x00007ffdde062000 	C:\Windows\System32\win32u.dll
0x00007ffddf1e0000 - 0x00007ffddf20a000 	C:\Windows\System32\GDI32.dll
0x00007ffddde10000 - 0x00007ffdddf1b000 	C:\Windows\System32\gdi32full.dll
0x00007ffdddf20000 - 0x00007ffdddfbd000 	C:\Windows\System32\msvcp_win.dll
0x00007ffdd6340000 - 0x00007ffdd6357000 	C:\Program Files\Android\Android Studio\jre\bin\VCRUNTIME140.dll
0x00007ffdc9440000 - 0x00007ffdc96da000 	C:\Windows\WinSxS\amd64_microsoft.windows.common-controls_6595b64144ccf1df_6.0.19041.844_none_ca00b6081b84eb1d\COMCTL32.dll
0x00007ffddf0d0000 - 0x00007ffddf16e000 	C:\Windows\System32\msvcrt.dll
0x00007ffddffa0000 - 0x00007ffddffd0000 	C:\Windows\System32\IMM32.DLL
0x00007ffda4e80000 - 0x00007ffda4f1d000 	C:\Program Files\Android\Android Studio\jre\bin\msvcp140.dll
0x00007ffd8cda0000 - 0x00007ffd8d85c000 	C:\Program Files\Android\Android Studio\jre\bin\server\jvm.dll
0x00007ffddfd90000 - 0x00007ffddfe3c000 	C:\Windows\System32\ADVAPI32.dll
0x00007ffddf670000 - 0x00007ffddf70b000 	C:\Windows\System32\sechost.dll
0x00007ffddf3a0000 - 0x00007ffddf4cb000 	C:\Windows\System32\RPCRT4.dll
0x00007ffddf540000 - 0x00007ffddf548000 	C:\Windows\System32\PSAPI.DLL
0x00007ffdd6540000 - 0x00007ffdd6549000 	C:\Windows\SYSTEM32\WSOCK32.dll
0x00007ffddf170000 - 0x00007ffddf1db000 	C:\Windows\System32\WS2_32.dll
0x00007ffdcefd0000 - 0x00007ffdcefda000 	C:\Windows\SYSTEM32\VERSION.dll
0x00007ffdcb600000 - 0x00007ffdcb627000 	C:\Windows\SYSTEM32\WINMM.dll
0x00007ffddb5c0000 - 0x00007ffddb5d2000 	C:\Windows\SYSTEM32\kernel.appcore.dll
0x00007ffdcb4d0000 - 0x00007ffdcb4e1000 	C:\Program Files\Android\Android Studio\jre\bin\verify.dll
0x00007ffdc3fa0000 - 0x00007ffdc4184000 	C:\Windows\SYSTEM32\DBGHELP.DLL
0x00007ffdc42f0000 - 0x00007ffdc431c000 	C:\Windows\SYSTEM32\dbgcore.DLL
0x00007ffdddfc0000 - 0x00007ffdde040000 	C:\Windows\System32\bcryptPrimitives.dll
0x00007ffdbe520000 - 0x00007ffdbe549000 	C:\Program Files\Android\Android Studio\jre\bin\java.dll
0x00007ffdcea00000 - 0x00007ffdcea0b000 	C:\Program Files\Android\Android Studio\jre\bin\jimage.dll
0x00007ffdbdd90000 - 0x00007ffdbdda8000 	C:\Program Files\Android\Android Studio\jre\bin\zip.dll
0x00007ffdde100000 - 0x00007ffdde842000 	C:\Windows\System32\SHELL32.dll
0x00007ffddb8a0000 - 0x00007ffddc030000 	C:\Windows\SYSTEM32\windows.storage.dll
0x00007ffddf830000 - 0x00007ffddfb85000 	C:\Windows\System32\combase.dll
0x00007ffddd0f0000 - 0x00007ffddd11c000 	C:\Windows\SYSTEM32\Wldp.dll
0x00007ffddf210000 - 0x00007ffddf2be000 	C:\Windows\System32\SHCORE.dll
0x00007ffddf4d0000 - 0x00007ffddf525000 	C:\Windows\System32\shlwapi.dll
0x00007ffddd690000 - 0x00007ffddd6af000 	C:\Windows\SYSTEM32\profapi.dll
0x00007ffdbdb30000 - 0x00007ffdbdb4a000 	C:\Program Files\Android\Android Studio\jre\bin\net.dll
0x00007ffdcae70000 - 0x00007ffdcaf7b000 	C:\Windows\SYSTEM32\WINHTTP.dll
0x00007ffddce60000 - 0x00007ffddceca000 	C:\Windows\system32\mswsock.dll
0x00007ffdbc210000 - 0x00007ffdbc224000 	C:\Program Files\Android\Android Studio\jre\bin\nio.dll
0x00007ffdd6630000 - 0x00007ffdd6656000 	C:\Users\edvbu\.gradle\native\fdc75f09e3144964f2cf3f50f0aa648679c211496f362492102eb8c894070792\windows-amd64\native-platform.dll
0x00007ffdaa180000 - 0x00007ffdaa311000 	C:\Users\edvbu\.gradle\native\12488b8bf47d2d4c9fbf2f6322a914ad602e24e48041cd04a747c6da556b65c4\windows-amd64\native-platform-file-events.dll
0x00007ffdcb510000 - 0x00007ffdcb51a000 	C:\Program Files\Android\Android Studio\jre\bin\management.dll
0x00007ffdc4320000 - 0x00007ffdc432c000 	C:\Program Files\Android\Android Studio\jre\bin\management_ext.dll
0x00007ffddd030000 - 0x00007ffddd048000 	C:\Windows\SYSTEM32\CRYPTSP.dll
0x00007ffddc800000 - 0x00007ffddc834000 	C:\Windows\system32\rsaenh.dll
0x00007ffdddd90000 - 0x00007ffddddb7000 	C:\Windows\System32\bcrypt.dll
0x00007ffddd650000 - 0x00007ffddd67e000 	C:\Windows\SYSTEM32\USERENV.dll
0x00007ffddd050000 - 0x00007ffddd05c000 	C:\Windows\SYSTEM32\CRYPTBASE.dll
0x00007ffddcb50000 - 0x00007ffddcb8b000 	C:\Windows\SYSTEM32\IPHLPAPI.DLL
0x00007ffddf530000 - 0x00007ffddf538000 	C:\Windows\System32\NSI.dll
0x00007ffdcee20000 - 0x00007ffdcee37000 	C:\Windows\SYSTEM32\dhcpcsvc6.DLL
0x00007ffdcf290000 - 0x00007ffdcf2ad000 	C:\Windows\SYSTEM32\dhcpcsvc.DLL
0x00007ffddcb90000 - 0x00007ffddcc5c000 	C:\Windows\SYSTEM32\DNSAPI.dll
0x00007ffdcf7e0000 - 0x00007ffdcf7eb000 	C:\Windows\SYSTEM32\WINNSI.DLL

dbghelp: loaded successfully - version: 4.0.5 - missing functions: none
symbol engine: initialized successfully - sym options: 0x614 - pdb path: .;C:\Program Files\Android\Android Studio\jre\bin;C:\Windows\SYSTEM32;C:\Windows\WinSxS\amd64_microsoft.windows.common-controls_6595b64144ccf1df_6.0.19041.844_none_ca00b6081b84eb1d;C:\Program Files\Android\Android Studio\jre\bin\server;C:\Users\edvbu\.gradle\native\fdc75f09e3144964f2cf3f50f0aa648679c211496f362492102eb8c894070792\windows-amd64;C:\Users\edvbu\.gradle\native\12488b8bf47d2d4c9fbf2f6322a914ad602e24e48041cd04a747c6da556b65c4\windows-amd64

VM Arguments:
jvm_args: --add-opens=java.base/java.util=ALL-UNNAMED --add-opens=java.base/java.lang=ALL-UNNAMED --add-opens=java.base/java.lang.invoke=ALL-UNNAMED --add-opens=java.prefs/java.util.prefs=ALL-UNNAMED -Xmx2048m -Dfile.encoding=UTF-8 -Duser.country=RU -Duser.language=ru -Duser.variant 
java_command: org.gradle.launcher.daemon.bootstrap.GradleDaemon 6.7.1
java_class_path (initial): C:\Users\edvbu\.gradle\wrapper\dists\gradle-6.7.1-bin\bwlcbys1h7rz3272sye1xwiv6\gradle-6.7.1\lib\gradle-launcher-6.7.1.jar
Launcher Type: SUN_STANDARD

[Global flags]
     intx CICompilerCount                          = 3                                         {product} {ergonomic}
     uint ConcGCThreads                            = 1                                         {product} {ergonomic}
     uint G1ConcRefinementThreads                  = 4                                         {product} {ergonomic}
   size_t G1HeapRegionSize                         = 1048576                                   {product} {ergonomic}
    uintx GCDrainStackTargetSize                   = 64                                        {product} {ergonomic}
   size_t InitialHeapSize                          = 65011712                                  {product} {ergonomic}
   size_t MarkStackSize                            = 4194304                                   {product} {ergonomic}
   size_t MaxHeapSize                              = 2147483648                                {product} {command line}
   size_t MaxNewSize                               = 1287651328                                {product} {ergonomic}
   size_t MinHeapDeltaBytes                        = 1048576                                   {product} {ergonomic}
    uintx NonNMethodCodeHeapSize                   = 5830732                                {pd product} {ergonomic}
    uintx NonProfiledCodeHeapSize                  = 122913754                              {pd product} {ergonomic}
    uintx ProfiledCodeHeapSize                     = 122913754                              {pd product} {ergonomic}
    uintx ReservedCodeCacheSize                    = 251658240                              {pd product} {ergonomic}
     bool SegmentedCodeCache                       = true                                      {product} {ergonomic}
     bool UseCompressedClassPointers               = true                                 {lp64_product} {ergonomic}
     bool UseCompressedOops                        = true                                 {lp64_product} {ergonomic}
     bool UseG1GC                                  = true                                      {product} {ergonomic}
     bool UseLargePagesIndividualAllocation        = false                                  {pd product} {ergonomic}

Logging:
Log output configuration:
 #0: stdout all=warning uptime,level,tags
 #1: stderr all=off uptime,level,tags

Environment Variables:
PATH=C:\Python39\Scripts\;C:\Python39\;C:\Windows\system32;C:\Windows;C:\Windows\System32\Wbem;C:\Windows\System32\WindowsPowerShell\v1.0\;C:\Windows\System32\OpenSSH\;C:\Program Files\Microsoft SQL Server\130\Tools\Binn\;C:\Program Files\nodejs\;C:\ProgramData\chocolatey\bin;C:\Program Files\Git\cmd;C:\Program Files\Microsoft SQL Server\Client SDK\ODBC\170\Tools\Binn\;C:\Program Files\dotnet\;C:\Users\edvbu\AppData\Local\Microsoft\WindowsApps;;C:\Program Files\JetBrains\WebStorm 2020.3.2\bin;;C:\Users\edvbu\AppData\Roaming\npm;C:\Users\edvbu\.dotnet\tools
USERNAME=edvbu
OS=Windows_NT
PROCESSOR_IDENTIFIER=Intel64 Family 6 Model 92 Stepping 9, GenuineIntel



---------------  S Y S T E M  ---------------

OS: Windows 10 , 64 bit Build 19041 (10.0.19041.928)
OS uptime: 2 days 22:32 hours

CPU:total 4 (initial active 4) (4 cores per cpu, 1 threads per core) family 6 model 92 stepping 9, cmov, cx8, fxsr, mmx, sse, sse2, sse3, ssse3, sse4.1, sse4.2, popcnt, aes, clmul, erms, 3dnowpref, tsc, tscinvbit, sha

Memory: 4k page, system-wide physical 3920M (225M free)
TotalPageFile size 10064M (AvailPageFile size 6M)
current process WorkingSet (physical memory assigned to process): 124M, peak: 124M
current process commit charge ("private bytes"): 178M, peak: 180M

vm_info: OpenJDK 64-Bit Server VM (11.0.8+10-b944.6842174) for windows-amd64 JRE (11.0.8+10-b944.6842174), built on Sep 19 2020 01:11:42 by "builder" with MS VC++ 14.0 (VS2015)

END.
